<?xml version="1.0" encoding="UTF-8"?>
<!-- Generated by org.testng.reporters.JUnitXMLReporter -->
<testsuite ignored="5" hostname="DESKTOP-M59JAT7" failures="0" tests="9" name="Test" time="0.053" errors="0" timestamp="2022-06-30T14:57:26 IST">
  <testcase classname="com.test.Test2" name="login1" time="0.007"/>
  <testcase classname="com.test.Test2" name="checkTitle" time="0.001"/>
  <testcase classname="com.test.Test1" name="login" time="0.001"/>
  <testcase classname="com.test.Test1" name="logout" time="0.001"/>
  <testcase classname="com.test.Test3" name="login1" time="0.001"/>
  <testcase classname="com.test.Test3" name="checkTitle" time="0.001"/>
  <testcase classname="com.test.Test3" name="logged" time="0.001"/>
  <testcase classname="com.test.Test3" name="dashboard" time="0.001"/>
  <testcase classname="com.test.Test3" name="logout" time="0.001"/>
  <testcase classname="com.test.Test2" name="dashboard" time="0.0">
    <ignored/>
  </testcase> <!-- dashboard -->
  <testcase classname="com.test.Test1" name="dashboard" time="0.0">
    <ignored/>
  </testcase> <!-- dashboard -->
  <testcase classname="com.test.Test2" name="logged" time="0.0">
    <ignored/>
  </testcase> <!-- logged -->
  <testcase classname="com.test.Test2" name="logout" time="0.0">
    <ignored/>
  </testcase> <!-- logout -->
  <testcase classname="com.test.Test1" name="dash1" time="0.0">
    <ignored/>
  </testcase> <!-- dash1 -->
</testsuite> <!-- Test -->
