<?xml version="1.0" encoding="UTF-8"?>
<!-- Generated by org.testng.reporters.JUnitXMLReporter -->
<testsuite ignored="0" hostname="DESKTOP-M59JAT7" failures="0" tests="5" name="Default test" time="0.106" errors="0" timestamp="2022-07-01T17:47:23 IST">
  <testcase classname="com.test.Test2" name="login1" time="0.008"/>
  <testcase classname="com.test.Test2" name="checkTitle" time="0.001"/>
  <testcase classname="com.test.Test2" name="logged" time="0.001"/>
  <testcase classname="com.test.Test2" name="dashboard" time="0.001"/>
  <testcase classname="com.test.Test2" name="logout" time="0.001"/>
</testsuite> <!-- Default test -->
